\BOOKMARK [0][-]{chapter.1}{Introducción}{}% 1
\BOOKMARK [0][-]{chapter.2}{Métodos y Materiales}{}% 2
\BOOKMARK [1][-]{section.2.1}{Conceptos básicos}{chapter.2}% 3
\BOOKMARK [1][-]{section.2.2}{Fuentes\040de\040datos}{chapter.2}% 4
\BOOKMARK [1][-]{section.2.3}{Descripción de SPEEDY}{chapter.2}% 5
\BOOKMARK [0][-]{chapter.3}{Climatología observada}{}% 6
\BOOKMARK [1][-]{section.3.1}{Altura\040geopotencial}{chapter.3}% 7
\BOOKMARK [1][-]{section.3.2}{Temperatura}{chapter.3}% 8
\BOOKMARK [1][-]{section.3.3}{Viento\040zonal}{chapter.3}% 9
\BOOKMARK [1][-]{section.3.4}{Viento\040meridional}{chapter.3}% 10
\BOOKMARK [1][-]{section.3.5}{Gradiente\040meridional\040de\040vorticidad\040absoluta}{chapter.3}% 11
\BOOKMARK [1][-]{section.3.6}{Función corriente}{chapter.3}% 12
\BOOKMARK [1][-]{section.3.7}{Ondas\040Quasiestacionarias}{chapter.3}% 13
\BOOKMARK [0][-]{chapter.4}{Onda\0403}{}% 14
\BOOKMARK [1][-]{section.4.1}{Características típicas}{chapter.4}% 15
\BOOKMARK [2][-]{subsection.4.1.1}{Wavelets}{section.4.1}% 16
\BOOKMARK [1][-]{section.4.2}{Antecedentes}{chapter.4}% 17
\BOOKMARK [1][-]{section.4.3}{Amplitud}{chapter.4}% 18
\BOOKMARK [2][-]{subsection.4.3.1}{Máximo o media.}{section.4.3}% 19
\BOOKMARK [1][-]{section.4.4}{Fase}{chapter.4}% 20
\BOOKMARK [1][-]{section.4.5}{Estaciones}{chapter.4}% 21
\BOOKMARK [1][-]{section.4.6}{R2}{chapter.4}% 22
\BOOKMARK [1][-]{section.4.7}{Regresiones}{chapter.4}% 23
\BOOKMARK [2][-]{subsection.4.7.1}{Geopotencial}{section.4.7}% 24
\BOOKMARK [2][-]{subsection.4.7.2}{Función Corriente}{section.4.7}% 25
\BOOKMARK [1][-]{section.4.8}{Composición de campos.}{chapter.4}% 26
\BOOKMARK [1][-]{section.4.9}{Fuentes\040de\040variabilidad\040interna}{chapter.4}% 27
\BOOKMARK [1][-]{section.4.10}{Fuentes\040externas}{chapter.4}% 28
\BOOKMARK [2][-]{subsection.4.10.1}{SST}{section.4.10}% 29
\BOOKMARK [0][-]{chapter.5}{Experimentos}{}% 30
\BOOKMARK [1][-]{section.5.1}{Validación SPEEDY}{chapter.5}% 31
\BOOKMARK [2][-]{subsection.5.1.1}{Altura\040Geopotencial}{section.5.1}% 32
\BOOKMARK [2][-]{subsection.5.1.2}{Temperatura}{section.5.1}% 33
\BOOKMARK [2][-]{subsection.5.1.3}{Viento\040zonal}{section.5.1}% 34
\BOOKMARK [2][-]{subsection.5.1.4}{Gradiente\040meridional\040de\040vorticidad\040absoluta}{section.5.1}% 35
\BOOKMARK [2][-]{subsection.5.1.5}{Función corriente}{section.5.1}% 36
\BOOKMARK [2][-]{subsection.5.1.6}{Onda\0403}{section.5.1}% 37
\BOOKMARK [1][-]{section.5.2}{Comparación}{chapter.5}% 38
\BOOKMARK [2][-]{subsection.5.2.1}{Temperatura}{section.5.2}% 39
\BOOKMARK [2][-]{subsection.5.2.2}{Viento\040zonal}{section.5.2}% 40
\BOOKMARK [2][-]{subsection.5.2.3}{Función corriente}{section.5.2}% 41
\BOOKMARK [2][-]{subsection.5.2.4}{Onda\0403}{section.5.2}% 42
\BOOKMARK [1][-]{section.5.3}{Regresión}{chapter.5}% 43
\BOOKMARK [1][-]{section.5.4}{Cosas inesperadas…}{chapter.5}% 44
\BOOKMARK [0][-]{chapter.6}{Conclusiones}{}% 45
\BOOKMARK [0][-]{chapter.7}{Agradecimientos}{}% 46
\BOOKMARK [0][-]{chapter*.46}{Referencias}{}% 47
