\BOOKMARK [0][-]{chapter.1}{\376\377\000I\000n\000t\000r\000o\000d\000u\000c\000c\000i\000\363\000n}{}% 1
\BOOKMARK [0][-]{chapter.2}{\376\377\000M\000\351\000t\000o\000d\000o\000s\000\040\000y\000\040\000M\000a\000t\000e\000r\000i\000a\000l\000e\000s}{}% 2
\BOOKMARK [1][-]{section.2.1}{\376\377\000C\000o\000n\000c\000e\000p\000t\000o\000s\000\040\000b\000\341\000s\000i\000c\000o\000s}{chapter.2}% 3
\BOOKMARK [1][-]{section.2.2}{\376\377\000F\000u\000e\000n\000t\000e\000s\000\040\000d\000e\000\040\000d\000a\000t\000o\000s}{chapter.2}% 4
\BOOKMARK [1][-]{section.2.3}{\376\377\000D\000e\000s\000c\000r\000i\000p\000c\000i\000\363\000n\000\040\000d\000e\000\040\000S\000P\000E\000E\000D\000Y}{chapter.2}% 5
\BOOKMARK [0][-]{chapter.3}{\376\377\000C\000l\000i\000m\000a\000t\000o\000l\000o\000g\000\355\000a\000\040\000o\000b\000s\000e\000r\000v\000a\000d\000a}{}% 6
\BOOKMARK [1][-]{section.3.1}{\376\377\000A\000l\000t\000u\000r\000a\000\040\000g\000e\000o\000p\000o\000t\000e\000n\000c\000i\000a\000l}{chapter.3}% 7
\BOOKMARK [1][-]{section.3.2}{\376\377\000T\000e\000m\000p\000e\000r\000a\000t\000u\000r\000a}{chapter.3}% 8
\BOOKMARK [1][-]{section.3.3}{\376\377\000V\000i\000e\000n\000t\000o\000\040\000z\000o\000n\000a\000l}{chapter.3}% 9
\BOOKMARK [1][-]{section.3.4}{\376\377\000V\000i\000e\000n\000t\000o\000\040\000m\000e\000r\000i\000d\000i\000o\000n\000a\000l}{chapter.3}% 10
\BOOKMARK [1][-]{section.3.5}{\376\377\000G\000r\000a\000d\000i\000e\000n\000t\000e\000\040\000m\000e\000r\000i\000d\000i\000o\000n\000a\000l\000\040\000d\000e\000\040\000v\000o\000r\000t\000i\000c\000i\000d\000a\000d\000\040\000a\000b\000s\000o\000l\000u\000t\000a}{chapter.3}% 11
\BOOKMARK [1][-]{section.3.6}{\376\377\000F\000u\000n\000c\000i\000\363\000n\000\040\000c\000o\000r\000r\000i\000e\000n\000t\000e}{chapter.3}% 12
\BOOKMARK [1][-]{section.3.7}{\376\377\000O\000n\000d\000a\000s\000\040\000Q\000u\000a\000s\000i\000e\000s\000t\000a\000c\000i\000o\000n\000a\000r\000i\000a\000s}{chapter.3}% 13
\BOOKMARK [0][-]{chapter.4}{\376\377\000O\000n\000d\000a\000\040\0003}{}% 14
\BOOKMARK [1][-]{section.4.1}{\376\377\000C\000a\000r\000a\000c\000t\000e\000r\000\355\000s\000t\000i\000c\000a\000s\000\040\000t\000\355\000p\000i\000c\000a\000s}{chapter.4}% 15
\BOOKMARK [2][-]{subsection.4.1.1}{\376\377\000W\000a\000v\000e\000l\000e\000t\000s}{section.4.1}% 16
\BOOKMARK [1][-]{section.4.2}{\376\377\000A\000n\000t\000e\000c\000e\000d\000e\000n\000t\000e\000s}{chapter.4}% 17
\BOOKMARK [1][-]{section.4.3}{\376\377\000A\000m\000p\000l\000i\000t\000u\000d}{chapter.4}% 18
\BOOKMARK [2][-]{subsection.4.3.1}{\376\377\000M\000\341\000x\000i\000m\000o\000\040\000o\000\040\000m\000e\000d\000i\000a\000.}{section.4.3}% 19
\BOOKMARK [1][-]{section.4.4}{\376\377\000F\000a\000s\000e}{chapter.4}% 20
\BOOKMARK [1][-]{section.4.5}{\376\377\000E\000s\000t\000a\000c\000i\000o\000n\000e\000s}{chapter.4}% 21
\BOOKMARK [1][-]{section.4.6}{\376\377\000R\0002}{chapter.4}% 22
\BOOKMARK [1][-]{section.4.7}{\376\377\000R\000e\000g\000r\000e\000s\000i\000o\000n\000e\000s}{chapter.4}% 23
\BOOKMARK [2][-]{subsection.4.7.1}{\376\377\000G\000e\000o\000p\000o\000t\000e\000n\000c\000i\000a\000l}{section.4.7}% 24
\BOOKMARK [2][-]{subsection.4.7.2}{\376\377\000F\000u\000n\000c\000i\000\363\000n\000\040\000C\000o\000r\000r\000i\000e\000n\000t\000e}{section.4.7}% 25
\BOOKMARK [1][-]{section.4.8}{\376\377\000C\000o\000m\000p\000o\000s\000i\000c\000i\000\363\000n\000\040\000d\000e\000\040\000c\000a\000m\000p\000o\000s\000.}{chapter.4}% 26
\BOOKMARK [1][-]{section.4.9}{\376\377\000F\000u\000e\000n\000t\000e\000s\000\040\000d\000e\000\040\000v\000a\000r\000i\000a\000b\000i\000l\000i\000d\000a\000d\000\040\000i\000n\000t\000e\000r\000n\000a}{chapter.4}% 27
\BOOKMARK [1][-]{section.4.10}{\376\377\000F\000u\000e\000n\000t\000e\000s\000\040\000e\000x\000t\000e\000r\000n\000a\000s}{chapter.4}% 28
\BOOKMARK [2][-]{subsection.4.10.1}{\376\377\000S\000S\000T}{section.4.10}% 29
\BOOKMARK [0][-]{chapter.5}{\376\377\000E\000x\000p\000e\000r\000i\000m\000e\000n\000t\000o\000s}{}% 30
\BOOKMARK [1][-]{section.5.1}{\376\377\000V\000a\000l\000i\000d\000a\000c\000i\000\363\000n\000\040\000S\000P\000E\000E\000D\000Y}{chapter.5}% 31
\BOOKMARK [2][-]{subsection.5.1.1}{\376\377\000A\000l\000t\000u\000r\000a\000\040\000G\000e\000o\000p\000o\000t\000e\000n\000c\000i\000a\000l}{section.5.1}% 32
\BOOKMARK [2][-]{subsection.5.1.2}{\376\377\000T\000e\000m\000p\000e\000r\000a\000t\000u\000r\000a}{section.5.1}% 33
\BOOKMARK [2][-]{subsection.5.1.3}{\376\377\000V\000i\000e\000n\000t\000o\000\040\000z\000o\000n\000a\000l}{section.5.1}% 34
\BOOKMARK [2][-]{subsection.5.1.4}{\376\377\000G\000r\000a\000d\000i\000e\000n\000t\000e\000\040\000m\000e\000r\000i\000d\000i\000o\000n\000a\000l\000\040\000d\000e\000\040\000v\000o\000r\000t\000i\000c\000i\000d\000a\000d\000\040\000a\000b\000s\000o\000l\000u\000t\000a}{section.5.1}% 35
\BOOKMARK [2][-]{subsection.5.1.5}{\376\377\000N\000\372\000m\000e\000r\000o\000\040\000d\000e\000\040\000o\000n\000d\000a\000\040\000e\000s\000t\000a\000c\000i\000o\000n\000a\000r\000i\000a}{section.5.1}% 36
\BOOKMARK [2][-]{subsection.5.1.6}{\376\377\000F\000u\000n\000c\000i\000\363\000n\000\040\000c\000o\000r\000r\000i\000e\000n\000t\000e}{section.5.1}% 37
\BOOKMARK [2][-]{subsection.5.1.7}{\376\377\000O\000n\000d\000a\000\040\0003}{section.5.1}% 38
\BOOKMARK [1][-]{section.5.2}{\376\377\000C\000o\000m\000p\000a\000r\000a\000c\000i\000\363\000n}{chapter.5}% 39
\BOOKMARK [2][-]{subsection.5.2.1}{\376\377\000T\000e\000m\000p\000e\000r\000a\000t\000u\000r\000a}{section.5.2}% 40
\BOOKMARK [2][-]{subsection.5.2.2}{\376\377\000V\000i\000e\000n\000t\000o\000\040\000z\000o\000n\000a\000l}{section.5.2}% 41
\BOOKMARK [2][-]{subsection.5.2.3}{\376\377\000F\000u\000n\000c\000i\000\363\000n\000\040\000c\000o\000r\000r\000i\000e\000n\000t\000e}{section.5.2}% 42
\BOOKMARK [2][-]{subsection.5.2.4}{\376\377\000O\000n\000d\000a\000\040\0003}{section.5.2}% 43
\BOOKMARK [1][-]{section.5.3}{\376\377\000R\000e\000g\000r\000e\000s\000i\000\363\000n}{chapter.5}% 44
\BOOKMARK [1][-]{section.5.4}{\376\377\000C\000o\000s\000a\000s\000\040\000i\000n\000e\000s\000p\000e\000r\000a\000d\000a\000s\040\046}{chapter.5}% 45
\BOOKMARK [0][-]{chapter.6}{\376\377\000C\000o\000n\000c\000l\000u\000s\000i\000o\000n\000e\000s}{}% 46
\BOOKMARK [0][-]{chapter.7}{\376\377\000A\000g\000r\000a\000d\000e\000c\000i\000m\000i\000e\000n\000t\000o\000s}{}% 47
\BOOKMARK [0][-]{chapter*.43}{\376\377\000R\000e\000f\000e\000r\000e\000n\000c\000i\000a\000s}{}% 48
